<?xml version="1.0" encoding="UTF-8"?>
<testsuite xmlns:xsi="http://www.w3.org/2001/XMLSchema-instance" xsi:noNamespaceSchemaLocation="https://maven.apache.org/surefire/maven-surefire-plugin/xsd/surefire-test-report-3.0.xsd" version="3.0" name="FornecedorServiceIntegrationTest" time="0.577" tests="8" errors="0" skipped="0" failures="0">
  <properties>
[...]
</properties>
  <testcase name="DeveDeletarFornecedor" classname="FornecedorServiceIntegrationTest" time="0.083">
    <system-out><![CDATA[Tabela 'Fornecedor' criada no banco de teste.
]]></system-out>
  </testcase>
  <testcase name="DeveRetornarExceptionAoBuscarFornecedorComIdInvalido" classname="FornecedorServiceIntegrationTest" time="0.053"/>
  <testcase name="DeveRetornarExceptionAoDeletarFornecedorComIdInvalido" classname="FornecedorServiceIntegrationTest" time="0.055"/>
  <testcase name="deveBuscarPorId" classname="FornecedorServiceIntegrationTest" time="0.062"/>
  <testcase name="deveBuscarTodos" classname="FornecedorServiceIntegrationTest" time="0.062"/>
  <testcase name="DeveRetornarExceptionAoAtualizarFornecedorComIdInvalido" classname="FornecedorServiceIntegrationTest" time="0.051"/>
  <testcase name="deveAtualizarFornecedor" classname="FornecedorServiceIntegrationTest" time="0.072"/>
  <testcase name="deveCadastrarFornecedor" classname="FornecedorServiceIntegrationTest" time="0.061"/>
</testsuite>